<?xml version="1.0" encoding="UTF-8"?>
<robot generator="Robot 3.2.1 (Python 3.7.2 on win32)" generated="20210406 00:35:01.592" rpa="false">
<suite id="s1" name="West Wing Now" source="G:\New folder\Westwing\TestSuite\west_wing_now.robot">
<test id="s1-t1" name="TC: Create a test automation script covering a provided use case on Westwingnow.de">
<kw name="Given I am on the WestwingNow home page ( &quot;https://www.westwingnow.de&quot; )" library="web_genericfunc">
<doc>= Usage =
This keyword launches browser and open webpage of given URL
Keyword takes 1 argument:
- site_url (webpage URL)
= Example =
I am on the WestwingNow home page ( "https://www.westwingnow.de" )</doc>
<kw name="LAUNCH BROWSER" library="web_genericfunc">
<doc>= Usage =
This keyword launches Google Chrome</doc>
<kw name="Run Keyword If" library="BuiltIn">
<doc>Runs the given keyword with the given arguments, if ``condition`` is true.</doc>
<arguments>
<arg>'${BROWSER_TYPE}' == 'CHROME'</arg>
<arg>OPEN CHROME BROWSER</arg>
<arg>ELSE</arg>
<arg>Fail</arg>
<arg>Run your test case on CHROME browser only</arg>
</arguments>
<kw name="OPEN CHROME BROWSER" library="web_genericfunc">
<kw name="Evaluate" library="BuiltIn">
<doc>Evaluates the given expression in Python and returns the result.</doc>
<arguments>
<arg>sys.modules['selenium.webdriver.chrome.options'].Options()</arg>
<arg>sys</arg>
</arguments>
<assign>
<var>${options}</var>
</assign>
<msg timestamp="20210406 00:35:02.148" level="INFO">${options} = &lt;selenium.webdriver.chrome.options.Options object at 0x03404AF0&gt;</msg>
<status status="PASS" starttime="20210406 00:35:02.148" endtime="20210406 00:35:02.148"></status>
</kw>
<kw name="Call Method" library="BuiltIn">
<doc>Calls the named method of the given object with the provided arguments.</doc>
<arguments>
<arg>${options}</arg>
<arg>add_argument</arg>
<arg>--disable-infobars</arg>
</arguments>
<status status="PASS" starttime="20210406 00:35:02.149" endtime="20210406 00:35:02.149"></status>
</kw>
<kw name="Create Webdriver" library="SeleniumLibrary">
<doc>Creates an instance of Selenium WebDriver.</doc>
<arguments>
<arg>Chrome</arg>
<arg>options=${options}</arg>
<arg>executable_path=${EXECDIR}/Webdriver/chromedriver.exe</arg>
</arguments>
<assign>
<var>${driver}</var>
</assign>
<msg timestamp="20210406 00:35:02.150" level="INFO">Creating an instance of the Chrome WebDriver.</msg>
<msg timestamp="20210406 00:35:04.181" level="INFO">${driver} = 1</msg>
<status status="PASS" starttime="20210406 00:35:02.149" endtime="20210406 00:35:04.181"></status>
</kw>
<kw name="Maximize Browser Window" library="SeleniumLibrary">
<doc>Maximizes current browser window.</doc>
<status status="PASS" starttime="20210406 00:35:04.181" endtime="20210406 00:35:04.300"></status>
</kw>
<status status="PASS" starttime="20210406 00:35:02.147" endtime="20210406 00:35:04.300"></status>
</kw>
<status status="PASS" starttime="20210406 00:35:02.146" endtime="20210406 00:35:04.300"></status>
</kw>
<status status="PASS" starttime="20210406 00:35:02.145" endtime="20210406 00:35:04.301"></status>
</kw>
<kw name="Go To" library="SeleniumLibrary">
<doc>Navigates the current browser window to the provided ``url``.</doc>
<arguments>
<arg>${site_url}</arg>
</arguments>
<msg timestamp="20210406 00:35:04.301" level="INFO">Opening url 'https://www.westwingnow.de'</msg>
<status status="PASS" starttime="20210406 00:35:04.301" endtime="20210406 00:35:07.647"></status>
</kw>
<kw name="Get Title" library="SeleniumLibrary">
<doc>Returns the title of the current page.</doc>
<assign>
<var>${site_title}</var>
</assign>
<msg timestamp="20210406 00:35:07.670" level="INFO">${site_title} = Ihr Möbel &amp; Interior Online-Shop | WestwingNow</msg>
<status status="PASS" starttime="20210406 00:35:07.648" endtime="20210406 00:35:07.670"></status>
</kw>
<kw name="Should Be Equal As Strings" library="BuiltIn">
<doc>Fails if objects are unequal after converting them to strings.</doc>
<arguments>
<arg>${site_title}</arg>
<arg>${title}</arg>
<arg>Page title does not match</arg>
</arguments>
<status status="PASS" starttime="20210406 00:35:07.671" endtime="20210406 00:35:07.672"></status>
</kw>
<kw name="Wait Until Page Contains Element" library="SeleniumLibrary">
<doc>Waits until the element ``locator`` appears on the current page.</doc>
<arguments>
<arg>${accept_cookies}</arg>
</arguments>
<status status="PASS" starttime="20210406 00:35:07.672" endtime="20210406 00:35:08.198"></status>
</kw>
<kw name="Click Button" library="SeleniumLibrary">
<doc>Clicks the button identified by ``locator``.</doc>
<arguments>
<arg>${accept_cookies}</arg>
</arguments>
<msg timestamp="20210406 00:35:08.199" level="INFO">Clicking button '//button[@id='onetrust-accept-btn-handler']'.</msg>
<status status="PASS" starttime="20210406 00:35:08.199" endtime="20210406 00:35:08.373"></status>
</kw>
<status status="PASS" starttime="20210406 00:35:02.144" endtime="20210406 00:35:08.373"></status>
</kw>
<kw name="When I search for &quot;möbel&quot;" library="web_homepage">
<doc>= Usage =
This keyword searches for the given product
Keyword takes 1 argument:
- product_name (name of product)
= Example =
I search for "product"</doc>
<kw name="Wait Until Page Contains Element" library="SeleniumLibrary">
<doc>Waits until the element ``locator`` appears on the current page.</doc>
<arguments>
<arg>${product_search_field}</arg>
</arguments>
<status status="PASS" starttime="20210406 00:35:08.379" endtime="20210406 00:35:08.437"></status>
</kw>
<kw name="Input Text" library="SeleniumLibrary">
<doc>Types the given ``text`` into the text field identified by ``locator``.</doc>
<arguments>
<arg>${product_search_field}</arg>
<arg>${product_name}</arg>
</arguments>
<msg timestamp="20210406 00:35:08.438" level="INFO">Typing text 'möbel' into text field '//input[@data-testid='search-input']'.</msg>
<status status="PASS" starttime="20210406 00:35:08.437" endtime="20210406 00:35:09.058"></status>
</kw>
<kw name="Press Keys" library="SeleniumLibrary">
<doc>Simulates the user pressing key(s) to an element or on the active browser.</doc>
<arguments>
<arg>${product_search_field}</arg>
<arg>ENTER</arg>
</arguments>
<msg timestamp="20210406 00:35:09.059" level="INFO">Sending key(s) ('ENTER',) to //input[@data-testid='search-input'] element.</msg>
<msg timestamp="20210406 00:35:09.408" level="INFO">Pressing special key ENTER to element.</msg>
<msg timestamp="20210406 00:35:09.408" level="INFO">Releasing special key ENTER.</msg>
<status status="PASS" starttime="20210406 00:35:09.059" endtime="20210406 00:35:09.440"></status>
</kw>
<kw name="Remove login and register dialog" library="web_login_and_register">
<doc>= Usage =
This keyword removes unwanted login/registration dialog</doc>
<kw name="Run Keyword And Ignore Error" library="BuiltIn">
<doc>Runs the given keyword with the given arguments and ignores possible error.</doc>
<arguments>
<arg>Wait Until Page Contains Element</arg>
<arg>${popup_backdrop}</arg>
<arg>10s</arg>
</arguments>
<kw name="Wait Until Page Contains Element" library="SeleniumLibrary">
<doc>Waits until the element ``locator`` appears on the current page.</doc>
<arguments>
<arg>${popup_backdrop}</arg>
<arg>10s</arg>
</arguments>
<status status="PASS" starttime="20210406 00:35:09.444" endtime="20210406 00:35:12.655"></status>
</kw>
<status status="PASS" starttime="20210406 00:35:09.443" endtime="20210406 00:35:12.655"></status>
</kw>
<kw name="Get Element Count" library="SeleniumLibrary">
<doc>Returns the number of elements matching ``locator``.</doc>
<arguments>
<arg>${popup_backdrop}</arg>
</arguments>
<assign>
<var>${popup_backdrop_count}</var>
</assign>
<msg timestamp="20210406 00:35:12.677" level="INFO">${popup_backdrop_count} = 1</msg>
<status status="PASS" starttime="20210406 00:35:12.655" endtime="20210406 00:35:12.677"></status>
</kw>
<kw name="Run Keyword If" library="BuiltIn">
<doc>Runs the given keyword with the given arguments, if ``condition`` is true.</doc>
<arguments>
<arg>${popup_backdrop_count}==1</arg>
<arg>Run Keywords</arg>
<arg>remove_dialog</arg>
<arg>${popup_backdrop}</arg>
<arg>AND</arg>
<arg>Wait Until Page Does Not Contain Element</arg>
<arg>${popup_backdrop}</arg>
<arg>5s</arg>
</arguments>
<kw name="Run Keywords" library="BuiltIn">
<doc>Executes all the given keywords in a sequence.</doc>
<arguments>
<arg>remove_dialog</arg>
<arg>${popup_backdrop}</arg>
<arg>AND</arg>
<arg>Wait Until Page Does Not Contain Element</arg>
<arg>${popup_backdrop}</arg>
<arg>5s</arg>
</arguments>
<kw name="Remove Dialog" library="BrowserHelper">
<doc>== Description ==
Clicks on webpage to remove unwanted dialog
param xpath: Dialog xpath</doc>
<arguments>
<arg>${popup_backdrop}</arg>
</arguments>
<status status="PASS" starttime="20210406 00:35:12.682" endtime="20210406 00:35:15.719"></status>
</kw>
<kw name="Wait Until Page Does Not Contain Element" library="SeleniumLibrary">
<doc>Waits until the element ``locator`` disappears from the current page.</doc>
<arguments>
<arg>${popup_backdrop}</arg>
<arg>5s</arg>
</arguments>
<status status="PASS" starttime="20210406 00:35:15.720" endtime="20210406 00:35:16.439"></status>
</kw>
<status status="PASS" starttime="20210406 00:35:12.680" endtime="20210406 00:35:16.439"></status>
</kw>
<status status="PASS" starttime="20210406 00:35:12.678" endtime="20210406 00:35:16.439"></status>
</kw>
<status status="PASS" starttime="20210406 00:35:09.441" endtime="20210406 00:35:16.440"></status>
</kw>
<status status="PASS" starttime="20210406 00:35:08.377" endtime="20210406 00:35:16.440"></status>
</kw>
<kw name="Then I should see product listing page with a list of products" library="web_searched_product_page">
<doc>= Usage =
This keyword verifies searched product listing</doc>
<kw name="Wait Until Page Does Not Contain Element" library="SeleniumLibrary">
<doc>Waits until the element ``locator`` disappears from the current page.</doc>
<arguments>
<arg>${no_result_for_product}</arg>
<arg>None</arg>
<arg>Searched item not found</arg>
</arguments>
<status status="PASS" starttime="20210406 00:35:16.442" endtime="20210406 00:35:16.463"></status>
</kw>
<status status="PASS" starttime="20210406 00:35:16.441" endtime="20210406 00:35:16.463"></status>
</kw>
<kw name="When I click on wishlist icon of the first found product" library="web_searched_product_page">
<doc>= Usage =
This keyword clicks on wishlist icon of first found product</doc>
<kw name="Get Element Count" library="SeleniumLibrary">
<doc>Returns the number of elements matching ``locator``.</doc>
<arguments>
<arg>${wishlist_icon}</arg>
</arguments>
<assign>
<var>${item_count}</var>
</assign>
<msg timestamp="20210406 00:35:16.497" level="INFO">${item_count} = 90</msg>
<status status="PASS" starttime="20210406 00:35:16.466" endtime="20210406 00:35:16.497"></status>
</kw>
<kw name="Should Be True" library="BuiltIn">
<doc>Fails if the given condition is not true.</doc>
<arguments>
<arg>${item_count}&gt;0</arg>
</arguments>
<status status="PASS" starttime="20210406 00:35:16.498" endtime="20210406 00:35:16.500"></status>
</kw>
<kw name="Click Element" library="SeleniumLibrary">
<doc>Click the element identified by ``locator``.</doc>
<arguments>
<arg>xpath=(${wishlist_icon})[1]</arg>
</arguments>
<msg timestamp="20210406 00:35:16.502" level="INFO">Clicking element 'xpath=(//div[@data-testid='wishlist-icon'])[1]'.</msg>
<status status="PASS" starttime="20210406 00:35:16.501" endtime="20210406 00:35:16.783"></status>
</kw>
<status status="PASS" starttime="20210406 00:35:16.465" endtime="20210406 00:35:16.783"></status>
</kw>
<kw name="Then I should see the login/registration overlay" library="web_login_and_register">
<doc>= Usage =
This keyword verifies login/registration dialog</doc>
<kw name="Wait Until Page Contains Element" library="SeleniumLibrary">
<doc>Waits until the element ``locator`` appears on the current page.</doc>
<arguments>
<arg>${login_and_register_dialog}</arg>
</arguments>
<status status="PASS" starttime="20210406 00:35:16.785" endtime="20210406 00:35:16.845"></status>
</kw>
<status status="PASS" starttime="20210406 00:35:16.784" endtime="20210406 00:35:16.846"></status>
</kw>
<kw name="And I log in with &quot; anil25bhatiya@gmail.com &quot; &amp; &quot; Hibuddy@123 &quot; credentials" library="web_login_and_register">
<doc>= Usage =
This keyword is used for login
Keyword takes 2 arguments:
- email (email id of registered user)
- password (password)
= Example =
I log in with " useremail " &amp; " password " credentials</doc>
<kw name="Wait Until Page Contains Element" library="SeleniumLibrary">
<doc>Waits until the element ``locator`` appears on the current page.</doc>
<arguments>
<arg>${email_field}</arg>
</arguments>
<status status="PASS" starttime="20210406 00:35:16.852" endtime="20210406 00:35:16.888"></status>
</kw>
<kw name="Input Text" library="SeleniumLibrary">
<doc>Types the given ``text`` into the text field identified by ``locator``.</doc>
<arguments>
<arg>${email_field}</arg>
<arg>${email}</arg>
</arguments>
<msg timestamp="20210406 00:35:16.889" level="INFO">Typing text 'anil25bhatiya@gmail.com' into text field '//input[@data-testid='long-register-email-field']'.</msg>
<status status="PASS" starttime="20210406 00:35:16.888" endtime="20210406 00:35:17.297"></status>
</kw>
<kw name="Wait Until Page Contains Element" library="SeleniumLibrary">
<doc>Waits until the element ``locator`` appears on the current page.</doc>
<arguments>
<arg>${password_field}</arg>
</arguments>
<status status="PASS" starttime="20210406 00:35:17.298" endtime="20210406 00:35:17.324"></status>
</kw>
<kw name="Input Text" library="SeleniumLibrary">
<doc>Types the given ``text`` into the text field identified by ``locator``.</doc>
<arguments>
<arg>${password_field}</arg>
<arg>${password}</arg>
</arguments>
<msg timestamp="20210406 00:35:17.324" level="INFO">Typing text 'Hibuddy@123' into text field '//input[@data-testid='long-register-password-field']'.</msg>
<status status="PASS" starttime="20210406 00:35:17.324" endtime="20210406 00:35:17.513"></status>
</kw>
<kw name="Wait Until Page Contains Element" library="SeleniumLibrary">
<doc>Waits until the element ``locator`` appears on the current page.</doc>
<arguments>
<arg>${terms_accepted_checkbox}</arg>
</arguments>
<status status="PASS" starttime="20210406 00:35:17.514" endtime="20210406 00:35:17.533"></status>
</kw>
<kw name="Click Element" library="SeleniumLibrary">
<doc>Click the element identified by ``locator``.</doc>
<arguments>
<arg>${terms_accepted_checkbox}</arg>
</arguments>
<msg timestamp="20210406 00:35:17.534" level="INFO">Clicking element '//input[@name='isTermsAccepted']'.</msg>
<status status="PASS" starttime="20210406 00:35:17.533" endtime="20210406 00:35:17.627"></status>
</kw>
<kw name="Wait Until Page Contains Element" library="SeleniumLibrary">
<doc>Waits until the element ``locator`` appears on the current page.</doc>
<arguments>
<arg>${registration_btn}</arg>
</arguments>
<status status="PASS" starttime="20210406 00:35:17.627" endtime="20210406 00:35:17.648"></status>
</kw>
<kw name="Click Button" library="SeleniumLibrary">
<doc>Clicks the button identified by ``locator``.</doc>
<arguments>
<arg>${registration_btn}</arg>
</arguments>
<msg timestamp="20210406 00:35:17.649" level="INFO">Clicking button '//button[@data-testid='login_reg_submit_btn']'.</msg>
<status status="PASS" starttime="20210406 00:35:17.649" endtime="20210406 00:35:18.043"></status>
</kw>
<kw name="Wait Until Page Does Not Contain Element" library="SeleniumLibrary">
<doc>Waits until the element ``locator`` disappears from the current page.</doc>
<arguments>
<arg>${registration_btn}</arg>
</arguments>
<status status="PASS" starttime="20210406 00:35:18.048" endtime="20210406 00:35:19.557"></status>
</kw>
<status status="PASS" starttime="20210406 00:35:16.849" endtime="20210406 00:35:19.558"></status>
</kw>
<kw name="Then the product should be added to the wishlist" library="web_wishlist">
<doc>= Usage =
This keyword adds the product to wishlist</doc>
<kw name="Wait Until Page Contains Element" library="SeleniumLibrary">
<doc>Waits until the element ``locator`` appears on the current page.</doc>
<arguments>
<arg>${wishlisted_item}</arg>
</arguments>
<status status="PASS" starttime="20210406 00:35:19.561" endtime="20210406 00:35:19.670"></status>
</kw>
<kw name="Get Element Count" library="SeleniumLibrary">
<doc>Returns the number of elements matching ``locator``.</doc>
<arguments>
<arg>${wishlisted_item}</arg>
</arguments>
<assign>
<var>${wishlisted_item_count}</var>
</assign>
<msg timestamp="20210406 00:35:19.684" level="INFO">${wishlisted_item_count} = 1</msg>
<status status="PASS" starttime="20210406 00:35:19.670" endtime="20210406 00:35:19.684"></status>
</kw>
<kw name="Should Be True" library="BuiltIn">
<doc>Fails if the given condition is not true.</doc>
<arguments>
<arg>${wishlisted_item_count}&gt;0</arg>
</arguments>
<status status="PASS" starttime="20210406 00:35:19.685" endtime="20210406 00:35:19.686"></status>
</kw>
<kw name="Get Text" library="SeleniumLibrary">
<doc>Returns the text value of the element identified by ``locator``.</doc>
<arguments>
<arg>${wishlist_counter}</arg>
</arguments>
<assign>
<var>${wishlist_counter_header_value}</var>
</assign>
<msg timestamp="20210406 00:35:19.833" level="INFO">${wishlist_counter_header_value} = 1</msg>
<status status="PASS" starttime="20210406 00:35:19.686" endtime="20210406 00:35:19.833"></status>
</kw>
<kw name="Should Be True" library="BuiltIn">
<doc>Fails if the given condition is not true.</doc>
<arguments>
<arg>${wishlist_counter_header_value}==1</arg>
<arg>Wishlist counter in the website header should be 1</arg>
</arguments>
<status status="PASS" starttime="20210406 00:35:19.834" endtime="20210406 00:35:19.835"></status>
</kw>
<status status="PASS" starttime="20210406 00:35:19.560" endtime="20210406 00:35:19.835"></status>
</kw>
<kw name="And I go to the wishlist page ( &quot;https://www.westwingnow.de/customer/wishlist/index/&quot; )" library="web_wishlist">
<doc>= Usage =
This keyword redirects to wishlist page
Keyword takes 1 argument:
- wishlist_page (URL of wishlist page)
= Example =
I go to the wishlist page ( "https://www.westwingnow.de/customer/wishlist/index/" )</doc>
<kw name="Go To" library="SeleniumLibrary">
<doc>Navigates the current browser window to the provided ``url``.</doc>
<arguments>
<arg>${wishlist_page}</arg>
</arguments>
<msg timestamp="20210406 00:35:19.837" level="INFO">Opening url 'https://www.westwingnow.de/customer/wishlist/index/'</msg>
<status status="PASS" starttime="20210406 00:35:19.837" endtime="20210406 00:35:21.906"></status>
</kw>
<kw name="Get Title" library="SeleniumLibrary">
<doc>Returns the title of the current page.</doc>
<assign>
<var>${wishlist_page_actual_title}</var>
</assign>
<msg timestamp="20210406 00:35:21.946" level="INFO">${wishlist_page_actual_title} = Meine Wunschliste | WestwingNow</msg>
<status status="PASS" starttime="20210406 00:35:21.907" endtime="20210406 00:35:21.947"></status>
</kw>
<kw name="Should Be Equal As Strings" library="BuiltIn">
<doc>Fails if objects are unequal after converting them to strings.</doc>
<arguments>
<arg>${wishlist_page_actual_title}</arg>
<arg>${wishlist_page_expected_title}</arg>
<arg>Wishlist page title does not match</arg>
</arguments>
<status status="PASS" starttime="20210406 00:35:21.947" endtime="20210406 00:35:21.948"></status>
</kw>
<status status="PASS" starttime="20210406 00:35:19.836" endtime="20210406 00:35:21.949"></status>
</kw>
<kw name="And I delete the product from my wishlist" library="web_wishlist">
<doc>= Usage =
This keyword removes the product from wishlist</doc>
<kw name="Wait Until Page Contains Element" library="SeleniumLibrary">
<doc>Waits until the element ``locator`` appears on the current page.</doc>
<arguments>
<arg>${wishlist_delete_product}</arg>
</arguments>
<status status="PASS" starttime="20210406 00:35:21.951" endtime="20210406 00:35:22.217"></status>
</kw>
<kw name="Get Element Count" library="SeleniumLibrary">
<doc>Returns the number of elements matching ``locator``.</doc>
<arguments>
<arg>${wishlist_delete_product}</arg>
</arguments>
<assign>
<var>${before_remove_item_from_wishlist_icon_count}</var>
</assign>
<msg timestamp="20210406 00:35:22.301" level="INFO">${before_remove_item_from_wishlist_icon_count} = 1</msg>
<status status="PASS" starttime="20210406 00:35:22.218" endtime="20210406 00:35:22.301"></status>
</kw>
<kw name="Should Be True" library="BuiltIn">
<doc>Fails if the given condition is not true.</doc>
<arguments>
<arg>${before_remove_item_from_wishlist_icon_count}==1</arg>
<arg>Before removing item from wishlist, icon count should be 1</arg>
</arguments>
<status status="PASS" starttime="20210406 00:35:22.301" endtime="20210406 00:35:22.303"></status>
</kw>
<kw name="Click Element" library="SeleniumLibrary">
<doc>Click the element identified by ``locator``.</doc>
<arguments>
<arg>${wishlist_delete_product}</arg>
</arguments>
<msg timestamp="20210406 00:35:22.304" level="INFO">Clicking element '//button[@class='blockListProduct__delete qaBlockListProduct__delete']'.</msg>
<status status="PASS" starttime="20210406 00:35:22.303" endtime="20210406 00:35:22.488"></status>
</kw>
<kw name="Wait Until Page Does Not Contain Element" library="SeleniumLibrary">
<doc>Waits until the element ``locator`` disappears from the current page.</doc>
<arguments>
<arg>${wishlist_delete_product}</arg>
</arguments>
<status status="PASS" starttime="20210406 00:35:22.489" endtime="20210406 00:35:22.789"></status>
</kw>
<kw name="Get Element Count" library="SeleniumLibrary">
<doc>Returns the number of elements matching ``locator``.</doc>
<arguments>
<arg>${wishlist_delete_product}</arg>
</arguments>
<assign>
<var>${after_remove_item_from_wishlist_icon_count}</var>
</assign>
<msg timestamp="20210406 00:35:22.869" level="INFO">${after_remove_item_from_wishlist_icon_count} = 0</msg>
<status status="PASS" starttime="20210406 00:35:22.789" endtime="20210406 00:35:22.870"></status>
</kw>
<kw name="Should Be True" library="BuiltIn">
<doc>Fails if the given condition is not true.</doc>
<arguments>
<arg>${after_remove_item_from_wishlist_icon_count}==0</arg>
<arg>After removing item from wishlist, icon count should be 1</arg>
</arguments>
<status status="PASS" starttime="20210406 00:35:22.870" endtime="20210406 00:35:22.872"></status>
</kw>
<status status="PASS" starttime="20210406 00:35:21.950" endtime="20210406 00:35:22.872"></status>
</kw>
<kw name="Run Keyword If Test Failed" library="BuiltIn" type="teardown">
<doc>Runs the given keyword with the given arguments, if the test failed.</doc>
<arguments>
<arg>TEST TEARDOWN</arg>
</arguments>
<status status="PASS" starttime="20210406 00:35:22.873" endtime="20210406 00:35:22.874"></status>
</kw>
<doc>Test automation script covering a provided use case on Westwingnow.de</doc>
<tags>
<tag>TC</tag>
</tags>
<status status="PASS" starttime="20210406 00:35:02.141" endtime="20210406 00:35:22.874" critical="yes"></status>
</test>
<kw name="SUITE TEARDOWN" library="web_genericfunc" type="teardown">
<kw name="Close Browser" library="SeleniumLibrary">
<doc>Closes the current browser.</doc>
<status status="PASS" starttime="20210406 00:35:22.878" endtime="20210406 00:35:26.182"></status>
</kw>
<status status="PASS" starttime="20210406 00:35:22.877" endtime="20210406 00:35:26.183"></status>
</kw>
<status status="PASS" starttime="20210406 00:35:01.596" endtime="20210406 00:35:26.184"></status>
</suite>
<statistics>
<total>
<stat pass="1" fail="0">Critical Tests</stat>
<stat pass="1" fail="0">All Tests</stat>
</total>
<tag>
<stat pass="1" fail="0">TC</stat>
</tag>
<suite>
<stat pass="1" fail="0" id="s1" name="West Wing Now">West Wing Now</stat>
</suite>
</statistics>
<errors>
</errors>
</robot>
